2025-05-24 04:08:15,251 - INFO - Utils.py:code_runner:257 - SOL_Multiplier 
  screen -dmSL SOL_Multiplier -Logfile /home/ubuntu/CRYPTOCODE/screenlogs/SOL_Multiplier.log /home/ubuntu/venv/bin/python3 /home/ubuntu/CRYPTOCODE/code/FRC_SPT_STRA.py SOL_Multiplier
2025-05-24 04:08:15,266 - INFO - Utils.py:code_runner:257 - SOL_Multiplier_order 
  screen -dmSL SOL_Multiplier_order -Logfile /home/ubuntu/CRYPTOCODE/screenlogs/SOL_Multiplier_order.log /home/ubuntu/venv/bin/python3 /home/ubuntu/CRYPTOCODE/code/new_order.py SOL_Multiplier
2025-05-24 04:08:15,286 - INFO - Utils.py:code_runner:257 - ETH_Multiplier 
  screen -dmSL ETH_Multiplier -Logfile /home/ubuntu/CRYPTOCODE/screenlogs/ETH_Multiplier.log /home/ubuntu/venv/bin/python3 /home/ubuntu/CRYPTOCODE/code/FRC_SPT_STRA.py ETH_Multiplier
2025-05-24 04:08:15,307 - INFO - Utils.py:code_runner:257 - ETH_Multiplier_order 
  screen -dmSL ETH_Multiplier_order -Logfile /home/ubuntu/CRYPTOCODE/screenlogs/ETH_Multiplier_order.log /home/ubuntu/venv/bin/python3 /home/ubuntu/CRYPTOCODE/code/new_order.py ETH_Multiplier
2025-05-24 04:08:15,342 - INFO - Utils.py:code_runner:257 - BTC_Multiplier 
  screen -dmSL BTC_Multiplier -Logfile /home/ubuntu/CRYPTOCODE/screenlogs/BTC_Multiplier.log /home/ubuntu/venv/bin/python3 /home/ubuntu/CRYPTOCODE/code/FRC_SPT_STRA.py BTC_Multiplier
2025-05-24 04:08:15,396 - INFO - Utils.py:code_runner:257 - BTC_Multiplier_order 
  screen -dmSL BTC_Multiplier_order -Logfile /home/ubuntu/CRYPTOCODE/screenlogs/BTC_Multiplier_order.log /home/ubuntu/venv/bin/python3 /home/ubuntu/CRYPTOCODE/code/new_order.py BTC_Multiplier
2025-05-24 05:46:26,288 - INFO - Utils.py:code_runner:257 - SOL_Multiplier 
  screen -dmSL SOL_Multiplier -Logfile /home/ubuntu/CRYPTOCODE/screenlogs/SOL_Multiplier.log /home/ubuntu/venv/bin/python3 /home/ubuntu/CRYPTOCODE/code/EMA_CROSS_STRA.py SOL_Multiplier
2025-05-24 05:46:26,303 - INFO - Utils.py:code_runner:257 - SOL_Multiplier_order 
  screen -dmSL SOL_Multiplier_order -Logfile /home/ubuntu/CRYPTOCODE/screenlogs/SOL_Multiplier_order.log /home/ubuntu/venv/bin/python3 /home/ubuntu/CRYPTOCODE/code/new_order.py SOL_Multiplier
2025-05-24 05:50:25,755 - INFO - Utils.py:code_runner:257 - Bit_Bounce 
  screen -dmSL Bit_Bounce -Logfile /home/ubuntu/CRYPTOCODE/screenlogs/Bit_Bounce.log /home/ubuntu/venv/bin/python3 /home/ubuntu/CRYPTOCODE/code/EMA_CROSS_STRA.py Bit_Bounce
2025-05-24 05:50:25,770 - INFO - Utils.py:code_runner:257 - Bit_Bounce_order 
  screen -dmSL Bit_Bounce_order -Logfile /home/ubuntu/CRYPTOCODE/screenlogs/Bit_Bounce_order.log /home/ubuntu/venv/bin/python3 /home/ubuntu/CRYPTOCODE/code/new_order.py Bit_Bounce
2025-05-24 05:52:00,654 - INFO - Utils.py:code_runner:257 - LiveCandle 
  screen -dmSL LiveCandle -Logfile /home/ubuntu/CRYPTOCODE/screenlogs/LiveCandle.log /home/ubuntu/venv/bin/python3 /home/ubuntu/CRYPTOCODE/code/LiveCandle.py
2025-05-24 05:52:00,672 - INFO - Utils.py:code_runner:257 - Bit_Bounce 
  screen -dmSL Bit_Bounce -Logfile /home/ubuntu/CRYPTOCODE/screenlogs/Bit_Bounce.log /home/ubuntu/venv/bin/python3 /home/ubuntu/CRYPTOCODE/code/EMA_CROSS_STRA.py Bit_Bounce
2025-05-24 05:52:00,686 - INFO - Utils.py:code_runner:257 - Bit_Bounce_order 
  screen -dmSL Bit_Bounce_order -Logfile /home/ubuntu/CRYPTOCODE/screenlogs/Bit_Bounce_order.log /home/ubuntu/venv/bin/python3 /home/ubuntu/CRYPTOCODE/code/new_order.py Bit_Bounce
2025-05-24 05:53:37,189 - INFO - Utils.py:code_runner:257 - Bit_Bounce 
  screen -dmSL Bit_Bounce -Logfile /home/ubuntu/CRYPTOCODE/screenlogs/Bit_Bounce.log /home/ubuntu/venv/bin/python3 /home/ubuntu/CRYPTOCODE/code/EMA_CROSS_STRA.py Bit_Bounce
2025-05-24 05:53:37,204 - INFO - Utils.py:code_runner:257 - Bit_Bounce_order 
  screen -dmSL Bit_Bounce_order -Logfile /home/ubuntu/CRYPTOCODE/screenlogs/Bit_Bounce_order.log /home/ubuntu/venv/bin/python3 /home/ubuntu/CRYPTOCODE/code/new_order.py Bit_Bounce
2025-05-24 05:57:50,558 - INFO - Utils.py:code_runner:257 - Bit_Bounce 
  screen -dmSL Bit_Bounce -Logfile /home/ubuntu/CRYPTOCODE/screenlogs/Bit_Bounce.log /home/ubuntu/venv/bin/python3 /home/ubuntu/CRYPTOCODE/code/EMA_CROSS_STRA.py Bit_Bounce
2025-05-24 05:57:50,573 - INFO - Utils.py:code_runner:257 - Bit_Bounce_order 
  screen -dmSL Bit_Bounce_order -Logfile /home/ubuntu/CRYPTOCODE/screenlogs/Bit_Bounce_order.log /home/ubuntu/venv/bin/python3 /home/ubuntu/CRYPTOCODE/code/new_order.py Bit_Bounce
2025-05-24 06:02:26,525 - INFO - Utils.py:code_runner:257 - Bit_Bounce 
  screen -dmSL Bit_Bounce -Logfile /home/ubuntu/CRYPTOCODE/screenlogs/Bit_Bounce.log /home/ubuntu/venv/bin/python3 /home/ubuntu/CRYPTOCODE/code/EMA_CROSS_STRA.py Bit_Bounce
2025-05-24 06:02:26,540 - INFO - Utils.py:code_runner:257 - Bit_Bounce_order 
  screen -dmSL Bit_Bounce_order -Logfile /home/ubuntu/CRYPTOCODE/screenlogs/Bit_Bounce_order.log /home/ubuntu/venv/bin/python3 /home/ubuntu/CRYPTOCODE/code/new_order.py Bit_Bounce
2025-05-24 06:30:35,887 - INFO - Utils.py:code_runner:257 - Bit_Bounce 
  screen -dmSL Bit_Bounce -Logfile /home/ubuntu/CRYPTOCODE/screenlogs/Bit_Bounce.log /home/ubuntu/venv/bin/python3 /home/ubuntu/CRYPTOCODE/code/EMA_CROSS_STRA.py Bit_Bounce
2025-05-24 06:30:35,902 - INFO - Utils.py:code_runner:257 - Bit_Bounce_order 
  screen -dmSL Bit_Bounce_order -Logfile /home/ubuntu/CRYPTOCODE/screenlogs/Bit_Bounce_order.log /home/ubuntu/venv/bin/python3 /home/ubuntu/CRYPTOCODE/code/new_order.py Bit_Bounce
2025-05-24 06:36:26,976 - INFO - Utils.py:code_runner:257 - Bit_Bounce 
  screen -dmSL Bit_Bounce -Logfile /home/ubuntu/CRYPTOCODE/screenlogs/Bit_Bounce.log /home/ubuntu/venv/bin/python3 /home/ubuntu/CRYPTOCODE/code/EMA_CROSS_STRA.py Bit_Bounce
2025-05-24 06:36:26,991 - INFO - Utils.py:code_runner:257 - Bit_Bounce_order 
  screen -dmSL Bit_Bounce_order -Logfile /home/ubuntu/CRYPTOCODE/screenlogs/Bit_Bounce_order.log /home/ubuntu/venv/bin/python3 /home/ubuntu/CRYPTOCODE/code/new_order.py Bit_Bounce
2025-05-24 06:36:51,138 - INFO - Utils.py:code_runner:257 - Bit_Bounce 
  screen -dmSL Bit_Bounce -Logfile /home/ubuntu/CRYPTOCODE/screenlogs/Bit_Bounce.log /home/ubuntu/venv/bin/python3 /home/ubuntu/CRYPTOCODE/code/EMA_CROSS_STRA.py Bit_Bounce
2025-05-24 06:36:51,153 - INFO - Utils.py:code_runner:257 - Bit_Bounce_order 
  screen -dmSL Bit_Bounce_order -Logfile /home/ubuntu/CRYPTOCODE/screenlogs/Bit_Bounce_order.log /home/ubuntu/venv/bin/python3 /home/ubuntu/CRYPTOCODE/code/new_order.py Bit_Bounce
2025-05-24 06:37:11,058 - INFO - Utils.py:code_runner:257 - Bit_Bounce 
  screen -dmSL Bit_Bounce -Logfile /home/ubuntu/CRYPTOCODE/screenlogs/Bit_Bounce.log /home/ubuntu/venv/bin/python3 /home/ubuntu/CRYPTOCODE/code/EMA_CROSS_STRA.py Bit_Bounce
2025-05-24 06:37:11,072 - INFO - Utils.py:code_runner:257 - Bit_Bounce_order 
  screen -dmSL Bit_Bounce_order -Logfile /home/ubuntu/CRYPTOCODE/screenlogs/Bit_Bounce_order.log /home/ubuntu/venv/bin/python3 /home/ubuntu/CRYPTOCODE/code/new_order.py Bit_Bounce
2025-05-24 06:43:19,453 - INFO - Utils.py:code_runner:257 - Bit_Bounce 
  screen -dmSL Bit_Bounce -Logfile /home/ubuntu/CRYPTOCODE/screenlogs/Bit_Bounce.log /home/ubuntu/venv/bin/python3 /home/ubuntu/CRYPTOCODE/code/EMA_CROSS_STRA.py Bit_Bounce
2025-05-24 06:43:19,468 - INFO - Utils.py:code_runner:257 - Bit_Bounce_order 
  screen -dmSL Bit_Bounce_order -Logfile /home/ubuntu/CRYPTOCODE/screenlogs/Bit_Bounce_order.log /home/ubuntu/venv/bin/python3 /home/ubuntu/CRYPTOCODE/code/new_order.py Bit_Bounce
2025-05-24 06:48:19,112 - INFO - Utils.py:code_runner:257 - Bit_Bounce 
  screen -dmSL Bit_Bounce -Logfile /home/ubuntu/CRYPTOCODE/screenlogs/Bit_Bounce.log /home/ubuntu/venv/bin/python3 /home/ubuntu/CRYPTOCODE/code/EMA_CROSS_STRA.py Bit_Bounce
2025-05-24 06:48:19,136 - INFO - Utils.py:code_runner:257 - Bit_Bounce_order 
  screen -dmSL Bit_Bounce_order -Logfile /home/ubuntu/CRYPTOCODE/screenlogs/Bit_Bounce_order.log /home/ubuntu/venv/bin/python3 /home/ubuntu/CRYPTOCODE/code/new_order.py Bit_Bounce
2025-05-24 06:49:00,206 - INFO - Utils.py:code_runner:257 - Bit_Bounce 
  screen -dmSL Bit_Bounce -Logfile /home/ubuntu/CRYPTOCODE/screenlogs/Bit_Bounce.log /home/ubuntu/venv/bin/python3 /home/ubuntu/CRYPTOCODE/code/EMA_CROSS_STRA.py Bit_Bounce
2025-05-24 06:49:00,228 - INFO - Utils.py:code_runner:257 - Bit_Bounce_order 
  screen -dmSL Bit_Bounce_order -Logfile /home/ubuntu/CRYPTOCODE/screenlogs/Bit_Bounce_order.log /home/ubuntu/venv/bin/python3 /home/ubuntu/CRYPTOCODE/code/new_order.py Bit_Bounce
2025-05-24 06:52:52,179 - INFO - Utils.py:code_runner:257 - Bit_Bounce 
  screen -dmSL Bit_Bounce -Logfile /home/ubuntu/CRYPTOCODE/screenlogs/Bit_Bounce.log /home/ubuntu/venv/bin/python3 /home/ubuntu/CRYPTOCODE/code/EMA_CROSS_STRA.py Bit_Bounce
2025-05-24 06:52:52,201 - INFO - Utils.py:code_runner:257 - Bit_Bounce_order 
  screen -dmSL Bit_Bounce_order -Logfile /home/ubuntu/CRYPTOCODE/screenlogs/Bit_Bounce_order.log /home/ubuntu/venv/bin/python3 /home/ubuntu/CRYPTOCODE/code/new_order.py Bit_Bounce
2025-05-24 06:53:30,339 - INFO - Utils.py:code_runner:257 - Bit_Bounce 
  screen -dmSL Bit_Bounce -Logfile /home/ubuntu/CRYPTOCODE/screenlogs/Bit_Bounce.log /home/ubuntu/venv/bin/python3 /home/ubuntu/CRYPTOCODE/code/EMA_CROSS_STRA.py Bit_Bounce
2025-05-24 06:53:30,364 - INFO - Utils.py:code_runner:257 - Bit_Bounce_order 
  screen -dmSL Bit_Bounce_order -Logfile /home/ubuntu/CRYPTOCODE/screenlogs/Bit_Bounce_order.log /home/ubuntu/venv/bin/python3 /home/ubuntu/CRYPTOCODE/code/new_order.py Bit_Bounce
2025-05-24 09:05:15,072 - INFO - Utils.py:code_runner:257 - Bit_Bounce 
  screen -dmSL Bit_Bounce -Logfile /home/ubuntu/CRYPTOCODE/screenlogs/Bit_Bounce.log /home/ubuntu/venv/bin/python3 /home/ubuntu/CRYPTOCODE/code/EMA_CROSS_STRA.py Bit_Bounce
2025-05-24 09:10:25,381 - INFO - Utils.py:code_runner:257 - Bit_Bounce 
  screen -dmSL Bit_Bounce -Logfile /home/ubuntu/CRYPTOCODE/screenlogs/Bit_Bounce.log /home/ubuntu/venv/bin/python3 /home/ubuntu/CRYPTOCODE/code/EMA_CROSS_STRA.py Bit_Bounce
2025-05-24 09:13:25,372 - INFO - Utils.py:code_runner:257 - Bit_Bounce 
  screen -dmSL Bit_Bounce -Logfile /home/ubuntu/CRYPTOCODE/screenlogs/Bit_Bounce.log /home/ubuntu/venv/bin/python3 /home/ubuntu/CRYPTOCODE/code/EMA_CROSS_STRA.py Bit_Bounce
2025-05-24 09:40:54,035 - INFO - Utils.py:code_runner:257 - Bit_Bounce 
  screen -dmSL Bit_Bounce -Logfile /home/ubuntu/CRYPTOCODE/screenlogs/Bit_Bounce.log /home/ubuntu/venv/bin/python3 /home/ubuntu/CRYPTOCODE/code/EMA_CROSS_STRA.py Bit_Bounce
2025-05-24 11:37:01,196 - INFO - Utils.py:code_runner:257 - backend_server 
  screen -dmSL backend_server -Logfile /home/ubuntu/CRYPTOCODE/screenlogs/backend_server.log /home/ubuntu/venv/bin/python3 /home/ubuntu/CRYPTOCODE/code/backend.py
2025-05-24 11:37:01,211 - INFO - Utils.py:code_runner:257 - ETH_Multiplier 
  screen -dmSL ETH_Multiplier -Logfile /home/ubuntu/CRYPTOCODE/screenlogs/ETH_Multiplier.log /home/ubuntu/venv/bin/python3 /home/ubuntu/CRYPTOCODE/code/FRC_SPT_STRA.py ETH_Multiplier
2025-05-24 11:37:01,226 - INFO - Utils.py:code_runner:257 - ETH_Multiplier_order 
  screen -dmSL ETH_Multiplier_order -Logfile /home/ubuntu/CRYPTOCODE/screenlogs/ETH_Multiplier_order.log /home/ubuntu/venv/bin/python3 /home/ubuntu/CRYPTOCODE/code/new_order.py ETH_Multiplier
2025-05-24 11:37:01,248 - INFO - Utils.py:code_runner:257 - Bit_Bounce 
  screen -dmSL Bit_Bounce -Logfile /home/ubuntu/CRYPTOCODE/screenlogs/Bit_Bounce.log /home/ubuntu/venv/bin/python3 /home/ubuntu/CRYPTOCODE/code/EMA_CROSS_STRA.py Bit_Bounce
2025-05-24 11:37:01,268 - INFO - Utils.py:code_runner:257 - Bit_Bounce_order 
  screen -dmSL Bit_Bounce_order -Logfile /home/ubuntu/CRYPTOCODE/screenlogs/Bit_Bounce_order.log /home/ubuntu/venv/bin/python3 /home/ubuntu/CRYPTOCODE/code/new_order.py Bit_Bounce
2025-05-24 12:18:10,760 - INFO - Utils.py:code_runner:257 - ETH_Multiplier 
  screen -dmSL ETH_Multiplier -Logfile /home/ubuntu/CRYPTOCODE/screenlogs/ETH_Multiplier.log /home/ubuntu/venv/bin/python3 /home/ubuntu/CRYPTOCODE/code/FRC_SPT_STRA.py ETH_Multiplier
2025-05-24 12:18:10,782 - INFO - Utils.py:code_runner:257 - ETH_Multiplier_order 
  screen -dmSL ETH_Multiplier_order -Logfile /home/ubuntu/CRYPTOCODE/screenlogs/ETH_Multiplier_order.log /home/ubuntu/venv/bin/python3 /home/ubuntu/CRYPTOCODE/code/new_order.py ETH_Multiplier
2025-05-24 12:18:10,804 - INFO - Utils.py:code_runner:257 - Bit_Bounce 
  screen -dmSL Bit_Bounce -Logfile /home/ubuntu/CRYPTOCODE/screenlogs/Bit_Bounce.log /home/ubuntu/venv/bin/python3 /home/ubuntu/CRYPTOCODE/code/EMA_CROSS_STRA.py Bit_Bounce
2025-05-24 12:18:10,835 - INFO - Utils.py:code_runner:257 - Bit_Bounce_order 
  screen -dmSL Bit_Bounce_order -Logfile /home/ubuntu/CRYPTOCODE/screenlogs/Bit_Bounce_order.log /home/ubuntu/venv/bin/python3 /home/ubuntu/CRYPTOCODE/code/new_order.py Bit_Bounce
2025-05-24 15:20:09,717 - INFO - Utils.py:code_runner:257 - ETH_Multiplier 
  screen -dmSL ETH_Multiplier -Logfile /home/ubuntu/CRYPTOCODE/screenlogs/ETH_Multiplier.log /home/ubuntu/venv/bin/python3 /home/ubuntu/CRYPTOCODE/code/FRC_SPT_STRA.py ETH_Multiplier
2025-05-24 15:22:48,507 - INFO - Utils.py:code_runner:257 - ETH_Multiplier 
  screen -dmSL ETH_Multiplier -Logfile /home/ubuntu/CRYPTOCODE/screenlogs/ETH_Multiplier.log /home/ubuntu/venv/bin/python3 /home/ubuntu/CRYPTOCODE/code/FRC_SPT_STRA.py ETH_Multiplier
2025-05-24 15:26:55,341 - INFO - Utils.py:code_runner:257 - ETH_Multiplier 
  screen -dmSL ETH_Multiplier -Logfile /home/ubuntu/CRYPTOCODE/screenlogs/ETH_Multiplier.log /home/ubuntu/venv/bin/python3 /home/ubuntu/CRYPTOCODE/code/FRC_SPT_STRA.py ETH_Multiplier
2025-05-24 15:30:28,187 - INFO - Utils.py:code_runner:257 - ETH_Multiplier 
  screen -dmSL ETH_Multiplier -Logfile /home/ubuntu/CRYPTOCODE/screenlogs/ETH_Multiplier.log /home/ubuntu/venv/bin/python3 /home/ubuntu/CRYPTOCODE/code/FRC_SPT_STRA.py ETH_Multiplier
2025-05-24 15:31:59,206 - INFO - Utils.py:code_runner:257 - ETH_Multiplier 
  screen -dmSL ETH_Multiplier -Logfile /home/ubuntu/CRYPTOCODE/screenlogs/ETH_Multiplier.log /home/ubuntu/venv/bin/python3 /home/ubuntu/CRYPTOCODE/code/FRC_SPT_STRA.py ETH_Multiplier
2025-05-24 15:33:08,266 - INFO - Utils.py:code_runner:257 - ETH_Multiplier 
  screen -dmSL ETH_Multiplier -Logfile /home/ubuntu/CRYPTOCODE/screenlogs/ETH_Multiplier.log /home/ubuntu/venv/bin/python3 /home/ubuntu/CRYPTOCODE/code/FRC_SPT_STRA.py ETH_Multiplier
2025-05-24 15:34:52,166 - INFO - Utils.py:code_runner:257 - ETH_Multiplier 
  screen -dmSL ETH_Multiplier -Logfile /home/ubuntu/CRYPTOCODE/screenlogs/ETH_Multiplier.log /home/ubuntu/venv/bin/python3 /home/ubuntu/CRYPTOCODE/code/FRC_SPT_STRA.py ETH_Multiplier
2025-05-24 15:36:04,156 - INFO - Utils.py:code_runner:257 - ETH_Multiplier 
  screen -dmSL ETH_Multiplier -Logfile /home/ubuntu/CRYPTOCODE/screenlogs/ETH_Multiplier.log /home/ubuntu/venv/bin/python3 /home/ubuntu/CRYPTOCODE/code/FRC_SPT_STRA.py ETH_Multiplier
2025-05-24 15:38:20,045 - INFO - Utils.py:code_runner:257 - ETH_Multiplier 
  screen -dmSL ETH_Multiplier -Logfile /home/ubuntu/CRYPTOCODE/screenlogs/ETH_Multiplier.log /home/ubuntu/venv/bin/python3 /home/ubuntu/CRYPTOCODE/code/FRC_SPT_STRA.py ETH_Multiplier
2025-05-24 15:51:02,756 - INFO - Utils.py:code_runner:257 - ETH_Multiplier 
  screen -dmSL ETH_Multiplier -Logfile /home/ubuntu/CRYPTOCODE/screenlogs/ETH_Multiplier.log /home/ubuntu/venv/bin/python3 /home/ubuntu/CRYPTOCODE/code/FRC_SPT_STRA.py ETH_Multiplier
2025-05-24 16:53:15,264 - INFO - Utils.py:code_runner:257 - ETH_Multiplier 
  screen -dmSL ETH_Multiplier -Logfile /home/ubuntu/CRYPTOCODE/screenlogs/ETH_Multiplier.log /home/ubuntu/venv/bin/python3 /home/ubuntu/CRYPTOCODE/code/FRC_SPT_STRA.py ETH_Multiplier
